GUI/build-grand_desig_http-Android_for_armeabi_v7a_GCC_4_9_Qt_5_6_1-Debug/android-build/build/outputs/logs/manifest-merger-debug-report.txt
-- Merging decision tree log ---
manifest
ADDED from AndroidManifest.xml:2:1
	package
		ADDED from AndroidManifest.xml:2:11
	android:versionName
		ADDED from AndroidManifest.xml:2:119
	android:versionCode
		ADDED from AndroidManifest.xml:2:145
		INJECTED from AndroidManifest.xml:0:0
		INJECTED from AndroidManifest.xml:0:0
	xmlns:android
		ADDED from AndroidManifest.xml:2:60
	android:installLocation
		ADDED from AndroidManifest.xml:2:169
application
ADDED from AndroidManifest.xml:3:5
	android:label
		ADDED from AndroidManifest.xml:3:117
	android:hardwareAccelerated
		ADDED from AndroidManifest.xml:3:18
	android:name
		ADDED from AndroidManifest.xml:3:53
activity#org.qtproject.qt5.android.bindings.QtActivity
ADDED from AndroidManifest.xml:4:9
	android:screenOrientation
		ADDED from AndroidManifest.xml:7:19
	android:label
		ADDED from AndroidManifest.xml:6:19
	android:launchMode
		ADDED from AndroidManifest.xml:8:19
	android:configChanges
		ADDED from AndroidManifest.xml:4:19
	android:name
		ADDED from AndroidManifest.xml:5:19
intent-filter#android.intent.action.MAIN+android.intent.category.LAUNCHER
ADDED from AndroidManifest.xml:9:13
action#android.intent.action.MAIN
ADDED from AndroidManifest.xml:10:17
	android:name
		ADDED from AndroidManifest.xml:10:25
category#android.intent.category.LAUNCHER
ADDED from AndroidManifest.xml:11:17
	android:name
		ADDED from AndroidManifest.xml:11:27
meta-data#android.app.lib_name
ADDED from AndroidManifest.xml:13:13
	android:value
		ADDED from AndroidManifest.xml:13:60
	android:name
		ADDED from AndroidManifest.xml:13:24
meta-data#android.app.qt_sources_resource_id
ADDED from AndroidManifest.xml:14:13
	android:resource
		ADDED from AndroidManifest.xml:14:74
	android:name
		ADDED from AndroidManifest.xml:14:24
meta-data#android.app.repository
ADDED from AndroidManifest.xml:15:13
	android:value
		ADDED from AndroidManifest.xml:15:62
	android:name
		ADDED from AndroidManifest.xml:15:24
meta-data#android.app.qt_libs_resource_id
ADDED from AndroidManifest.xml:16:13
	android:resource
		ADDED from AndroidManifest.xml:16:71
	android:name
		ADDED from AndroidManifest.xml:16:24
meta-data#android.app.bundled_libs_resource_id
ADDED from AndroidManifest.xml:17:13
	android:resource
		ADDED from AndroidManifest.xml:17:76
	android:name
		ADDED from AndroidManifest.xml:17:24
meta-data#android.app.bundle_local_qt_libs
ADDED from AndroidManifest.xml:19:13
	android:value
		ADDED from AndroidManifest.xml:19:72
	android:name
		ADDED from AndroidManifest.xml:19:24
meta-data#android.app.bundled_in_lib_resource_id
ADDED from AndroidManifest.xml:20:13
	android:resource
		ADDED from AndroidManifest.xml:20:78
	android:name
		ADDED from AndroidManifest.xml:20:24
meta-data#android.app.bundled_in_assets_resource_id
ADDED from AndroidManifest.xml:21:13
	android:resource
		ADDED from AndroidManifest.xml:21:81
	android:name
		ADDED from AndroidManifest.xml:21:24
meta-data#android.app.use_local_qt_libs
ADDED from AndroidManifest.xml:23:13
	android:value
		ADDED from AndroidManifest.xml:23:69
	android:name
		ADDED from AndroidManifest.xml:23:24
meta-data#android.app.libs_prefix
ADDED from AndroidManifest.xml:24:13
	android:value
		ADDED from AndroidManifest.xml:24:63
	android:name
		ADDED from AndroidManifest.xml:24:24
meta-data#android.app.load_local_libs
ADDED from AndroidManifest.xml:25:13
	android:value
		ADDED from AndroidManifest.xml:25:67
	android:name
		ADDED from AndroidManifest.xml:25:24
meta-data#android.app.load_local_jars
ADDED from AndroidManifest.xml:26:13
	android:value
		ADDED from AndroidManifest.xml:26:67
	android:name
		ADDED from AndroidManifest.xml:26:24
meta-data#android.app.static_init_classes
ADDED from AndroidManifest.xml:27:13
	android:value
		ADDED from AndroidManifest.xml:27:71
	android:name
		ADDED from AndroidManifest.xml:27:24
meta-data#android.app.ministro_not_found_msg
ADDED from AndroidManifest.xml:29:13
	android:value
		ADDED from AndroidManifest.xml:29:24
	android:name
		ADDED from AndroidManifest.xml:29:71
meta-data#android.app.ministro_needed_msg
ADDED from AndroidManifest.xml:30:13
	android:value
		ADDED from AndroidManifest.xml:30:24
	android:name
		ADDED from AndroidManifest.xml:30:68
meta-data#android.app.fatal_error_msg
ADDED from AndroidManifest.xml:31:13
	android:value
		ADDED from AndroidManifest.xml:31:24
	android:name
		ADDED from AndroidManifest.xml:31:64
meta-data#android.app.background_running
ADDED from AndroidManifest.xml:45:13
	android:value
		ADDED from AndroidManifest.xml:45:70
	android:name
		ADDED from AndroidManifest.xml:45:24
meta-data#android.app.auto_screen_scale_factor
ADDED from AndroidManifest.xml:49:13
	android:value
		ADDED from AndroidManifest.xml:49:76
	android:name
		ADDED from AndroidManifest.xml:49:24
uses-sdk
ADDED from AndroidManifest.xml:53:5
	android:targetSdkVersion
		ADDED from AndroidManifest.xml:53:41
	android:minSdkVersion
		ADDED from AndroidManifest.xml:53:15
supports-screens
ADDED from AndroidManifest.xml:54:5
	android:largeScreens
		ADDED from AndroidManifest.xml:54:23
	android:smallScreens
		ADDED from AndroidManifest.xml:54:106
	android:normalScreens
		ADDED from AndroidManifest.xml:54:51
	android:anyDensity
		ADDED from AndroidManifest.xml:54:80
uses-permission#android.permission.INTERNET
ADDED from AndroidManifest.xml:58:9
	android:name
		ADDED from AndroidManifest.xml:58:26
uses-permission#android.permission.WRITE_EXTERNAL_STORAGE
ADDED from AndroidManifest.xml:59:5
	android:name
		ADDED from AndroidManifest.xml:59:22
uses-permission#android.permission.ACCESS_NETWORK_STATE
ADDED from AndroidManifest.xml:60:5
	android:name
		ADDED from AndroidManifest.xml:60:22